<?xml version="1.0" encoding="UTF-8"?>
<testng-results skipped="0" failed="0" ignored="0" total="1" passed="1">
  <reporter-output>
  </reporter-output>
  <suite name="Default suite" duration-ms="18087" started-at="2019-02-13T16:21:16Z" finished-at="2019-02-13T16:21:34Z">
    <groups>
    </groups>
    <test name="Default test" duration-ms="18087" started-at="2019-02-13T16:21:16Z" finished-at="2019-02-13T16:21:34Z">
      <class name="demo.jenkins.JenkinsDemo1">
        <test-method status="PASS" signature="testDemo()[pri:0, instance:demo.jenkins.JenkinsDemo1@4e7dc304]" name="testDemo" duration-ms="18056" started-at="2019-02-13T16:21:16Z" finished-at="2019-02-13T16:21:34Z">
          <reporter-output>
          </reporter-output>
        </test-method> <!-- testDemo -->
      </class> <!-- demo.jenkins.JenkinsDemo1 -->
    </test> <!-- Default test -->
  </suite> <!-- Default suite -->
</testng-results>
